19:14:20 [App     ] Build date: Aug 16 2024, 13:48:23
19:14:20 [App     ] CPU: AMD Ryzen 5 3600 6-Core Processor               (12 cores)
19:14:20 [App     ] RAM: 15.93GB Physical Memory 128.00TB Virtual Memory
19:14:20 [App     ] OS: Windows 8 x64
19:14:20 [App     ] Disk: 197.80GB (953.05GB) space
19:14:20 [App     ] SSE & AVX compatible CPU & OS detected
19:14:20 [App     ] Command line: DensifyPointCloud scene.mvs --dense-config-file Densify.ini --resolution-level 1 --number-views 8 -w "C:\camilo\point_cloud\reconstruction_sequential\aguacate\mvs"
19:14:20 [App     ] Camera model loaded: platform 0; camera  0; f 0.948x0.948; poses 25
19:14:20 [App     ] Scene loaded from interface format (5ms):
	25 images (25 calibrated) with a total of 178.60 MPixels (7.14 MPixels/image)
	12342 points, 0 vertices, 0 faces
19:14:20 [App     ] Set the ROI by the estimated core points
19:14:20 [App     ] Point-cloud composed of 12342 points with:
 - points info:
	12145 points inside ROI (98.40%)
	 inside ROI track length: 2 min / 2.36023 mean (0.862894 std) / 10 max
	outside ROI track length: 2 min / 2.39594 mean (0.489051 std) / 3 max
 - visibility info (29137 views - 2.36 views/point):
	        0 points with 1- views (0.00%)
	     9644 points with 2  views (78.14%)
	     1735 points with 3  views (14.06%)
	      963 points with 4+ views (7.80%)
	2 min / 2.3608 mean (0.858218 std) / 10 max
19:14:21 [App     ] Preparing images for dense reconstruction completed: 25 images (843ms)
19:14:21 [App     ] Selecting images for dense reconstruction completed: 25 images (7ms)
19:14:21 [App     ] Reference image   0 paired with 5 views
19:14:21 [App     ] Reference image   1 paired with 5 views
19:14:32 [App     ] Depth-map for image   0 estimated using  5 images: 918x2040 (10s529ms)
19:14:32 [App     ] Reference image   2 paired with 5 views
19:14:42 [App     ] Depth-map for image   1 estimated using  5 images: 918x2040 (10s243ms)
19:14:42 [App     ] Reference image   3 paired with 5 views
19:14:53 [App     ] Depth-map for image   2 estimated using  5 images: 918x2040 (11s194ms)
19:14:53 [App     ] Reference image   4 paired with 2 views
19:15:05 [App     ] Depth-map for image   3 estimated using  5 images: 918x2040 (11s183ms)
19:15:05 [App     ] Reference image   5 paired with 2 views
19:15:10 [App     ] Depth-map for image   4 estimated using  2 images: 918x2040 (5s153ms)
19:15:10 [App     ] Reference image   6 paired with 2 views
19:15:16 [App     ] Depth-map for image   5 estimated using  2 images: 918x2040 (5s781ms)
19:15:16 [App     ] Reference image   7 paired with 2 views
19:15:21 [App     ] Depth-map for image   6 estimated using  2 images: 918x2040 (5s501ms)
19:15:21 [App     ] Reference image   8 paired with 1 views
19:15:27 [App     ] Depth-map for image   7 estimated using  2 images: 918x2040 (5s843ms)
19:15:27 [App     ] Reference image   9 paired with 1 views
19:15:31 [App     ] Depth-map for image   8 with image   7 estimated: 918x2040 (3s756ms)
19:15:31 [App     ] Reference image  10 paired with 3 views
19:15:35 [App     ] Depth-map for image   9 with image  10 estimated: 918x2040 (3s935ms)
19:15:35 [App     ] Reference image  11 paired with 3 views
19:15:43 [App     ] Depth-map for image  10 estimated using  3 images: 918x2040 (7s954ms)
19:15:43 [App     ] Reference image  12 paired with 3 views
19:15:50 [App     ] Depth-map for image  11 estimated using  3 images: 918x2040 (7s587ms)
19:15:50 [App     ] Reference image  13 paired with 3 views
19:15:57 [App     ] Depth-map for image  12 estimated using  3 images: 918x2040 (7s84ms)
19:15:57 [App     ] Reference image  14 paired with 2 views
19:16:04 [App     ] Depth-map for image  13 estimated using  3 images: 918x2040 (6s962ms)
19:16:04 [App     ] Reference image  15 paired with 3 views
19:16:10 [App     ] Depth-map for image  14 estimated using  2 images: 918x2040 (5s789ms)
19:16:10 [App     ] Reference image  16 paired with 2 views
19:16:19 [App     ] Depth-map for image  15 estimated using  3 images: 918x2040 (8s404ms)
19:16:19 [App     ] Reference image  17 paired with 2 views
19:16:24 [App     ] Depth-map for image  16 estimated using  2 images: 918x2040 (5s644ms)
19:16:24 [App     ] Reference image  18 paired with 4 views
19:16:30 [App     ] Depth-map for image  17 estimated using  2 images: 918x2040 (5s827ms)
19:16:30 [App     ] Reference image  19 paired with 5 views
19:16:40 [App     ] Depth-map for image  18 estimated using  4 images: 918x2040 (9s847ms)
19:16:40 [App     ] Reference image  20 paired with 6 views
19:16:51 [App     ] Depth-map for image  19 estimated using  5 images: 918x2040 (11s237ms)
19:16:51 [App     ] Reference image  21 paired with 7 views
19:17:04 [App     ] Depth-map for image  20 estimated using  6 images: 918x2040 (13s151ms)
19:17:05 [App     ] Reference image  22 paired with 1 views
19:17:21 [App     ] Depth-map for image  21 estimated using  7 images: 918x2040 (16s683ms)
19:17:21 [App     ] Reference image  23 paired with 1 views
19:17:25 [App     ] Depth-map for image  22 with image  21 estimated: 918x2040 (3s903ms)
19:17:25 [App     ] Reference image  24 paired with 3 views
19:17:28 [App     ] Depth-map for image  23 with image  24 estimated: 918x2040 (3s253ms)
19:17:36 [App     ] Depth-map for image  24 estimated using  3 images: 918x2040 (7s456ms)
19:17:36 [App     ] Reference image   0 paired with 5 views
19:17:36 [App     ] Reference image   1 paired with 5 views
19:17:39 [App     ] Depth-map for image   0 estimated using  5 images: 918x2040 (2s770ms)
19:17:39 [App     ] Reference image   2 paired with 5 views
19:17:42 [App     ] Depth-map for image   1 estimated using  5 images: 918x2040 (2s817ms)
19:17:42 [App     ] Reference image   3 paired with 5 views
19:17:45 [App     ] Depth-map for image   2 estimated using  5 images: 918x2040 (3s1ms)
19:17:45 [App     ] Reference image   4 paired with 2 views
19:17:48 [App     ] Depth-map for image   3 estimated using  5 images: 918x2040 (3s79ms)
19:17:48 [App     ] Reference image   5 paired with 2 views
19:17:49 [App     ] Depth-map for image   4 estimated using  2 images: 918x2040 (1s573ms)
19:17:49 [App     ] Reference image   6 paired with 2 views
19:17:51 [App     ] Depth-map for image   5 estimated using  2 images: 918x2040 (1s892ms)
19:17:51 [App     ] Reference image   7 paired with 2 views
19:17:53 [App     ] Depth-map for image   6 estimated using  2 images: 918x2040 (1s845ms)
19:17:53 [App     ] Reference image   8 paired with 1 views
19:17:55 [App     ] Depth-map for image   7 estimated using  2 images: 918x2040 (1s818ms)
19:17:55 [App     ] Reference image   9 paired with 1 views
19:17:56 [App     ] Depth-map for image   8 with image   7 estimated: 918x2040 (1s339ms)
19:17:56 [App     ] Reference image  10 paired with 3 views
19:17:58 [App     ] Depth-map for image   9 with image  10 estimated: 918x2040 (1s368ms)
19:17:58 [App     ] Reference image  11 paired with 3 views
19:18:00 [App     ] Depth-map for image  10 estimated using  3 images: 918x2040 (2s499ms)
19:18:00 [App     ] Reference image  12 paired with 3 views
19:18:02 [App     ] Depth-map for image  11 estimated using  3 images: 918x2040 (2s253ms)
19:18:02 [App     ] Reference image  13 paired with 3 views
19:18:05 [App     ] Depth-map for image  12 estimated using  3 images: 918x2040 (2s325ms)
19:18:05 [App     ] Reference image  14 paired with 2 views
19:18:07 [App     ] Depth-map for image  13 estimated using  3 images: 918x2040 (2s325ms)
19:18:07 [App     ] Reference image  15 paired with 3 views
19:18:09 [App     ] Depth-map for image  14 estimated using  2 images: 918x2040 (1s976ms)
19:18:09 [App     ] Reference image  16 paired with 2 views
19:18:12 [App     ] Depth-map for image  15 estimated using  3 images: 918x2040 (2s739ms)
19:18:12 [App     ] Reference image  17 paired with 2 views
19:18:14 [App     ] Depth-map for image  16 estimated using  2 images: 918x2040 (1s909ms)
19:18:14 [App     ] Reference image  18 paired with 4 views
19:18:16 [App     ] Depth-map for image  17 estimated using  2 images: 918x2040 (1s986ms)
19:18:16 [App     ] Reference image  19 paired with 5 views
19:18:18 [App     ] Depth-map for image  18 estimated using  4 images: 918x2040 (2s461ms)
19:18:18 [App     ] Reference image  20 paired with 6 views
19:18:21 [App     ] Depth-map for image  19 estimated using  5 images: 918x2040 (2s757ms)
19:18:21 [App     ] Reference image  21 paired with 7 views
19:18:24 [App     ] Depth-map for image  20 estimated using  6 images: 918x2040 (3s229ms)
19:18:24 [App     ] Reference image  22 paired with 1 views
19:18:28 [App     ] Depth-map for image  21 estimated using  7 images: 918x2040 (4s171ms)
19:18:29 [App     ] Reference image  23 paired with 1 views
19:18:30 [App     ] Depth-map for image  22 with image  21 estimated: 918x2040 (1s50ms)
19:18:30 [App     ] Reference image  24 paired with 3 views
19:18:31 [App     ] Depth-map for image  23 with image  24 estimated: 918x2040 (914ms)
19:18:32 [App     ] Depth-map for image  24 estimated using  3 images: 918x2040 (1s953ms)
19:18:33 [App     ] Reference image   0 paired with 5 views
19:18:33 [App     ] Reference image   1 paired with 5 views
19:18:35 [App     ] Depth-map for image   0 estimated using  5 images: 918x2040 (2s524ms)
19:18:36 [App     ] Reference image   2 paired with 5 views
19:18:38 [App     ] Depth-map for image   1 estimated using  5 images: 918x2040 (2s698ms)
19:18:38 [App     ] Reference image   3 paired with 5 views
19:18:41 [App     ] Depth-map for image   2 estimated using  5 images: 918x2040 (2s790ms)
19:18:41 [App     ] Reference image   4 paired with 2 views
19:18:44 [App     ] Depth-map for image   3 estimated using  5 images: 918x2040 (2s818ms)
19:18:44 [App     ] Reference image   5 paired with 2 views
19:18:45 [App     ] Depth-map for image   4 estimated using  2 images: 918x2040 (1s409ms)
19:18:45 [App     ] Reference image   6 paired with 2 views
19:18:47 [App     ] Depth-map for image   5 estimated using  2 images: 918x2040 (1s615ms)
19:18:47 [App     ] Reference image   7 paired with 2 views
19:18:48 [App     ] Depth-map for image   6 estimated using  2 images: 918x2040 (1s556ms)
19:18:49 [App     ] Reference image   8 paired with 1 views
19:18:50 [App     ] Depth-map for image   7 estimated using  2 images: 918x2040 (1s605ms)
19:18:50 [App     ] Reference image   9 paired with 1 views
19:18:51 [App     ] Depth-map for image   8 with image   7 estimated: 918x2040 (1s53ms)
19:18:51 [App     ] Reference image  10 paired with 3 views
19:18:52 [App     ] Depth-map for image   9 with image  10 estimated: 918x2040 (1s68ms)
19:18:52 [App     ] Reference image  11 paired with 3 views
19:18:54 [App     ] Depth-map for image  10 estimated using  3 images: 918x2040 (2s164ms)
19:18:54 [App     ] Reference image  12 paired with 3 views
19:18:56 [App     ] Depth-map for image  11 estimated using  3 images: 918x2040 (2s3ms)
19:18:56 [App     ] Reference image  13 paired with 3 views
19:18:58 [App     ] Depth-map for image  12 estimated using  3 images: 918x2040 (2s55ms)
19:19:00 [App     ] Depth-map for image  13 estimated using  3 images: 918x2040 (2s43ms)
19:19:01 [App     ] Reference image  14 paired with 2 views
19:19:03 [App     ] Depth-map for image  14 estimated using  2 images: 918x2040 (1s636ms)
19:19:04 [App     ] Reference image  15 paired with 3 views
19:19:06 [App     ] Depth-map for image  15 estimated using  3 images: 918x2040 (2s356ms)
19:19:07 [App     ] Reference image  16 paired with 2 views
19:19:09 [App     ] Depth-map for image  16 estimated using  2 images: 918x2040 (1s519ms)
19:19:10 [App     ] Reference image  17 paired with 2 views
19:19:12 [App     ] Depth-map for image  17 estimated using  2 images: 918x2040 (1s611ms)
19:19:13 [App     ] Reference image  18 paired with 4 views
19:19:13 [App     ] Reference image  19 paired with 5 views
19:19:15 [App     ] Depth-map for image  18 estimated using  4 images: 918x2040 (2s534ms)
19:19:15 [App     ] Reference image  20 paired with 6 views
19:19:18 [App     ] Depth-map for image  19 estimated using  5 images: 918x2040 (2s803ms)
19:19:18 [App     ] Reference image  21 paired with 7 views
19:19:21 [App     ] Depth-map for image  20 estimated using  6 images: 918x2040 (3s249ms)
19:19:21 [App     ] Reference image  22 paired with 1 views
19:19:26 [App     ] Depth-map for image  21 estimated using  7 images: 918x2040 (4s261ms)
19:19:26 [App     ] Reference image  23 paired with 1 views
19:19:27 [App     ] Depth-map for image  22 with image  21 estimated: 918x2040 (1s67ms)
19:19:27 [App     ] Reference image  24 paired with 3 views
19:19:28 [App     ] Depth-map for image  23 with image  24 estimated: 918x2040 (919ms)
19:19:30 [App     ] Depth-map for image  24 estimated using  3 images: 918x2040 (1s985ms)
19:19:30 [App     ] Depth map   8 filtered using 3 other images: 538583/1028859 depths discarded (555ms)
19:19:31 [App     ] Depth map   7 filtered using 4 other images: 489202/1074822 depths discarded (630ms)
19:19:31 [App     ] Depth map   6 filtered using 8 other images: 356380/902224 depths discarded (998ms)
19:19:31 [App     ] Depth map  10 filtered using 7 other images: 421673/1085516 depths discarded (930ms)
19:19:31 [App     ] Depth map   9 filtered using 7 other images: 575741/1133279 depths discarded (982ms)
19:19:31 [App     ] Depth map   5 filtered using 8 other images: 317790/855522 depths discarded (1s113ms)
19:19:31 [App     ] Depth map   4 filtered using 8 other images: 303423/721355 depths discarded (1s81ms)
19:19:31 [App     ] Depth map  11 filtered using 8 other images: 258736/1022395 depths discarded (1s51ms)
19:19:31 [App     ] Depth map   3 filtered using 8 other images: 412846/991697 depths discarded (1s144ms)
19:19:31 [App     ] Depth map   1 filtered using 8 other images: 133557/881397 depths discarded (1s147ms)
19:19:31 [App     ] Depth map   2 filtered using 8 other images: 237914/938638 depths discarded (1s155ms)
19:19:31 [App     ] Depth map   0 filtered using 8 other images: 163605/840619 depths discarded (1s192ms)
19:19:32 [App     ] Depth map  12 filtered using 8 other images: 281706/1077661 depths discarded (1s140ms)
19:19:32 [App     ] Depth map  13 filtered using 8 other images: 347290/1063880 depths discarded (1s144ms)
19:19:32 [App     ] Depth map  23 filtered using 4 other images: 310155/609964 depths discarded (598ms)
19:19:32 [App     ] Depth map  14 filtered using 8 other images: 411373/1111520 depths discarded (1s54ms)
19:19:32 [App     ] Depth map  15 filtered using 8 other images: 396798/1169995 depths discarded (1s83ms)
19:19:32 [App     ] Depth map  16 filtered using 8 other images: 406353/1025967 depths discarded (1s94ms)
19:19:32 [App     ] Depth map  18 filtered using 8 other images: 337811/964504 depths discarded (1s13ms)
19:19:32 [App     ] Depth map  20 filtered using 8 other images: 174690/945710 depths discarded (1s29ms)
19:19:32 [App     ] Depth map  17 filtered using 8 other images: 428552/1006709 depths discarded (1s112ms)
19:19:32 [App     ] Depth map  19 filtered using 8 other images: 329981/1023665 depths discarded (1s111ms)
19:19:32 [App     ] Depth map  22 filtered using 8 other images: 427291/969191 depths discarded (1s26ms)
19:19:32 [App     ] Depth map  21 filtered using 8 other images: 243851/988783 depths discarded (1s49ms)
19:19:33 [App     ] Depth map  24 filtered using 8 other images: 251717/999378 depths discarded (887ms)
19:19:42 [App     ] Depth-maps fused and filtered: 25 depth-maps, 15306775 depths, 2260463 points (15%%) (6s307ms)
19:19:42 [App     ] Point-cloud trimmed to ROI: 17758 points removed (120ms)
19:19:42 [App     ] Densifying point-cloud completed: 2242705 points (5m21s561ms)
19:19:44 [App     ] Scene saved (2s320ms):
	25 images (25 calibrated)
	2242705 points, 0 vertices, 0 faces
19:19:45 [App     ] Point-cloud saved: 2242705 points (457ms)
19:19:51 [App     ] MEMORYINFO: {
19:19:51 [App     ] 	PageFaultCount 11748450
19:19:51 [App     ] 	PeakWorkingSetSize 2.26GB
19:19:51 [App     ] 	WorkingSetSize 524.04MB
19:19:51 [App     ] 	QuotaPeakPagedPoolUsage 79.61KB
19:19:51 [App     ] 	QuotaPagedPoolUsage 77.36KB
19:19:51 [App     ] 	QuotaPeakNonPagedPoolUsage 27.13MB
19:19:51 [App     ] 	QuotaNonPagedPoolUsage 20.71KB
19:19:51 [App     ] 	PagefileUsage 802.11MB
19:19:51 [App     ] 	PeakPagefileUsage 2.27GB
19:19:51 [App     ] } ENDINFO
